0 silly argv {
0 silly argv   _: [ 'run' ],
0 silly argv   lernaVersion: '3.22.1',
0 silly argv   '$0': '/Users/jakubstawiarski/prywata/game/node_modules/.bin/lerna',
0 silly argv   script: 'benchmark'
0 silly argv }
1 notice cli v3.22.1
2 verbose rootPath /Users/jakubstawiarski/prywata/game
3 info Executing command in 1 package: "npm run benchmark"
4 silly npmRunScript benchmark [] ecs-benchmark
5 silly getExecOpts /Users/jakubstawiarski/prywata/game/packages/ecs-benchmark undefined
6 error MaxBufferError: stdout maxBuffer exceeded
6 error     at PassThrough.<anonymous> (/Users/jakubstawiarski/prywata/game/node_modules/get-stream/index.js:41:19)
6 error     at PassThrough.emit (events.js:327:22)
6 error     at addChunk (_stream_readable.js:295:12)
6 error     at readableAddChunk (_stream_readable.js:267:11)
6 error     at PassThrough.Readable.push (_stream_readable.js:212:10)
6 error     at PassThrough.Transform.push (_stream_transform.js:152:32)
6 error     at PassThrough.afterTransform (_stream_transform.js:96:10)
6 error     at PassThrough._transform (_stream_passthrough.js:46:3)
6 error     at PassThrough.Transform._read (_stream_transform.js:191:10)
